2016-07-04 16:17:01.789 [IPControllerApp] Hub listening on tcp://*:55926 for registration.
2016-07-04 16:17:01.794 [IPControllerApp] Hub using DB backend: 'DictDB'
2016-07-04 16:17:02.052 [IPControllerApp] hub::created hub
2016-07-04 16:17:02.052 [IPControllerApp] writing connection info to /lustre/pg0028/g00006/.ipython/profile_default/security/ipcontroller-client.json
2016-07-04 16:17:02.054 [IPControllerApp] writing connection info to /lustre/pg0028/g00006/.ipython/profile_default/security/ipcontroller-engine.json
2016-07-04 16:17:02.055 [IPControllerApp] task::using Python leastload Task scheduler
2016-07-04 16:17:02.056 [IPControllerApp] Heartmonitor started
2016-07-04 16:17:02.075 [IPControllerApp] Creating pid file: /lustre/pg0028/g00006/.ipython/profile_default/pid/ipcontroller.pid
2016-07-04 16:17:02.082 [IPControllerApp] client::client '\x00\xcb\x81\xca\x0b' requested u'connection_request'
2016-07-04 16:17:02.083 [IPControllerApp] client::client ['\x00\xcb\x81\xca\x0b'] connected
2016-07-04 16:17:02.158 [IPControllerApp] client::client 'c8211963-7d08-4699-b4c0-718bccf2e2b7' requested u'registration_request'
2016-07-04 16:17:02.217 [IPControllerApp] client::client 'fbfbf78d-6f35-4e47-aff1-a3687696978c' requested u'registration_request'
2016-07-04 16:17:02.327 [IPControllerApp] client::client 'a9632503-96bc-4848-b66a-18a4eccf962d' requested u'registration_request'
2016-07-04 16:17:02.433 [IPControllerApp] client::client '77ce99aa-9170-48d1-acce-8ec3fd23d0b9' requested u'registration_request'
2016-07-04 16:17:02.536 [IPControllerApp] client::client '6e71e8e2-e61c-4b75-b939-19c79e676e96' requested u'registration_request'
2016-07-04 16:17:02.632 [IPControllerApp] client::client '7d4de79d-a282-4b04-a603-d8f05bead59b' requested u'registration_request'
2016-07-04 16:17:02.736 [IPControllerApp] client::client '8ddffb13-590b-4d32-a5e8-b5940b14e54d' requested u'registration_request'
2016-07-04 16:17:02.847 [IPControllerApp] client::client 'cad40e58-f798-4c8f-a7cd-afefd9753ff1' requested u'registration_request'
2016-07-04 16:17:02.947 [IPControllerApp] client::client '1c00ee75-87cd-4820-8b9b-f10e69a734de' requested u'registration_request'
2016-07-04 16:17:03.048 [IPControllerApp] client::client '8f8ff952-dea5-48a2-bcbe-aad28483ecc9' requested u'registration_request'
2016-07-04 16:17:03.157 [IPControllerApp] client::client '66ffd85c-4d4b-456e-9cf3-a6b80e5a1656' requested u'registration_request'
2016-07-04 16:17:03.263 [IPControllerApp] client::client '94a3bdf6-014a-4515-91f7-610c2824edc5' requested u'registration_request'
2016-07-04 16:17:03.358 [IPControllerApp] client::client '953c528e-6c56-4403-8a77-7ed885edcca2' requested u'registration_request'
2016-07-04 16:17:03.466 [IPControllerApp] client::client 'a8b2dfa4-c13d-404d-8eb6-217bc5c106e7' requested u'registration_request'
2016-07-04 16:17:03.578 [IPControllerApp] client::client 'f45f12f1-f9dd-44bf-a83a-920b10c20c43' requested u'registration_request'
2016-07-04 16:17:03.673 [IPControllerApp] client::client '331ab0b3-d550-4493-9d9c-e3e368ae3924' requested u'registration_request'
2016-07-04 16:17:03.781 [IPControllerApp] client::client '2dc3538e-d35c-446a-864c-2ffc3b33ffbf' requested u'registration_request'
2016-07-04 16:17:03.884 [IPControllerApp] client::client 'a7a4f336-5e80-4d37-a3f4-21209de027cf' requested u'registration_request'
2016-07-04 16:17:03.982 [IPControllerApp] client::client '15025bc1-baf4-4793-9ced-102fcaba9e6a' requested u'registration_request'
2016-07-04 16:17:04.085 [IPControllerApp] client::client '14ef56d8-4cda-4bf6-affa-8835ea1e4705' requested u'registration_request'
2016-07-04 16:17:04.195 [IPControllerApp] client::client '9a433c18-3518-46f7-ab50-46b788b18f04' requested u'registration_request'
2016-07-04 16:17:04.294 [IPControllerApp] client::client '64269058-fa74-4bed-ac41-421b0656ea59' requested u'registration_request'
2016-07-04 16:17:04.399 [IPControllerApp] client::client '40206932-ad65-4887-91e7-bc2c2a69464d' requested u'registration_request'
2016-07-04 16:17:04.508 [IPControllerApp] client::client '5fda1da8-decf-4929-84ba-056851c8584b' requested u'registration_request'
2016-07-04 16:17:04.614 [IPControllerApp] client::client '4f9ce591-51d3-4eb9-96ef-8009fb982585' requested u'registration_request'
2016-07-04 16:17:04.707 [IPControllerApp] client::client '4febae3f-7f74-462e-a4b0-6a89284a5bec' requested u'registration_request'
2016-07-04 16:17:04.820 [IPControllerApp] client::client 'c4e44b9f-1c77-442b-b68d-b9f28c02958e' requested u'registration_request'
2016-07-04 16:17:04.924 [IPControllerApp] client::client '3afd61e7-db31-4581-b4fb-a130c802dbb7' requested u'registration_request'
2016-07-04 16:17:05.019 [IPControllerApp] client::client 'e0fb9a68-5705-4c6f-91ff-d885a1937aa8' requested u'registration_request'
2016-07-04 16:17:05.135 [IPControllerApp] client::client 'a96ae954-3ebe-4518-9fb0-f0a0332dbcb1' requested u'registration_request'
2016-07-04 16:17:05.235 [IPControllerApp] client::client '9b1b1281-6bee-47d3-87ab-affa5deb498d' requested u'registration_request'
2016-07-04 16:17:05.340 [IPControllerApp] client::client '83503507-b680-452c-97e8-aa19792ffa5b' requested u'registration_request'
2016-07-04 16:17:05.444 [IPControllerApp] client::client '1bc8e4f8-ce33-4f14-9cea-1946fd3a7d3f' requested u'registration_request'
2016-07-04 16:17:05.542 [IPControllerApp] client::client 'd4b7a366-890f-4be5-a1c7-f6bd95afe24a' requested u'registration_request'
2016-07-04 16:17:05.634 [IPControllerApp] client::client '44c16da1-cd05-49c8-87dd-fc92c3737d58' requested u'registration_request'
2016-07-04 16:17:05.737 [IPControllerApp] client::client '5b64f638-7dca-402f-92c1-7c5a5456c7a4' requested u'registration_request'
2016-07-04 16:17:08.057 [IPControllerApp] registration::finished registering engine 8:1c00ee75-87cd-4820-8b9b-f10e69a734de
2016-07-04 16:17:08.058 [IPControllerApp] engine::Engine Connected: 8
2016-07-04 16:17:08.059 [IPControllerApp] registration::finished registering engine 17:a7a4f336-5e80-4d37-a3f4-21209de027cf
2016-07-04 16:17:08.059 [IPControllerApp] engine::Engine Connected: 17
2016-07-04 16:17:08.060 [IPControllerApp] registration::finished registering engine 28:e0fb9a68-5705-4c6f-91ff-d885a1937aa8
2016-07-04 16:17:08.060 [IPControllerApp] engine::Engine Connected: 28
2016-07-04 16:17:08.061 [IPControllerApp] registration::finished registering engine 1:fbfbf78d-6f35-4e47-aff1-a3687696978c
2016-07-04 16:17:08.061 [IPControllerApp] engine::Engine Connected: 1
2016-07-04 16:17:08.062 [IPControllerApp] registration::finished registering engine 23:5fda1da8-decf-4929-84ba-056851c8584b
2016-07-04 16:17:08.062 [IPControllerApp] engine::Engine Connected: 23
2016-07-04 16:17:08.063 [IPControllerApp] registration::finished registering engine 3:77ce99aa-9170-48d1-acce-8ec3fd23d0b9
2016-07-04 16:17:08.063 [IPControllerApp] engine::Engine Connected: 3
2016-07-04 16:17:08.064 [IPControllerApp] registration::finished registering engine 6:8ddffb13-590b-4d32-a5e8-b5940b14e54d
2016-07-04 16:17:08.064 [IPControllerApp] engine::Engine Connected: 6
2016-07-04 16:17:08.065 [IPControllerApp] registration::finished registering engine 21:64269058-fa74-4bed-ac41-421b0656ea59
2016-07-04 16:17:08.065 [IPControllerApp] engine::Engine Connected: 21
2016-07-04 16:17:08.066 [IPControllerApp] registration::finished registering engine 24:4f9ce591-51d3-4eb9-96ef-8009fb982585
2016-07-04 16:17:08.067 [IPControllerApp] engine::Engine Connected: 24
2016-07-04 16:17:08.067 [IPControllerApp] registration::finished registering engine 13:a8b2dfa4-c13d-404d-8eb6-217bc5c106e7
2016-07-04 16:17:08.068 [IPControllerApp] engine::Engine Connected: 13
2016-07-04 16:17:08.068 [IPControllerApp] registration::finished registering engine 11:94a3bdf6-014a-4515-91f7-610c2824edc5
2016-07-04 16:17:08.069 [IPControllerApp] engine::Engine Connected: 11
2016-07-04 16:17:08.069 [IPControllerApp] registration::finished registering engine 5:7d4de79d-a282-4b04-a603-d8f05bead59b
2016-07-04 16:17:08.070 [IPControllerApp] engine::Engine Connected: 5
2016-07-04 16:17:08.070 [IPControllerApp] registration::finished registering engine 19:14ef56d8-4cda-4bf6-affa-8835ea1e4705
2016-07-04 16:17:08.071 [IPControllerApp] engine::Engine Connected: 19
2016-07-04 16:17:08.072 [IPControllerApp] registration::finished registering engine 20:9a433c18-3518-46f7-ab50-46b788b18f04
2016-07-04 16:17:08.072 [IPControllerApp] engine::Engine Connected: 20
2016-07-04 16:17:08.073 [IPControllerApp] registration::finished registering engine 0:c8211963-7d08-4699-b4c0-718bccf2e2b7
2016-07-04 16:17:08.073 [IPControllerApp] engine::Engine Connected: 0
2016-07-04 16:17:08.074 [IPControllerApp] registration::finished registering engine 10:66ffd85c-4d4b-456e-9cf3-a6b80e5a1656
2016-07-04 16:17:08.074 [IPControllerApp] engine::Engine Connected: 10
2016-07-04 16:17:08.075 [IPControllerApp] registration::finished registering engine 27:3afd61e7-db31-4581-b4fb-a130c802dbb7
2016-07-04 16:17:08.075 [IPControllerApp] engine::Engine Connected: 27
2016-07-04 16:17:08.076 [IPControllerApp] registration::finished registering engine 12:953c528e-6c56-4403-8a77-7ed885edcca2
2016-07-04 16:17:08.076 [IPControllerApp] engine::Engine Connected: 12
2016-07-04 16:17:08.077 [IPControllerApp] registration::finished registering engine 26:c4e44b9f-1c77-442b-b68d-b9f28c02958e
2016-07-04 16:17:08.077 [IPControllerApp] engine::Engine Connected: 26
2016-07-04 16:17:08.078 [IPControllerApp] registration::finished registering engine 9:8f8ff952-dea5-48a2-bcbe-aad28483ecc9
2016-07-04 16:17:08.078 [IPControllerApp] engine::Engine Connected: 9
2016-07-04 16:17:08.079 [IPControllerApp] registration::finished registering engine 14:f45f12f1-f9dd-44bf-a83a-920b10c20c43
2016-07-04 16:17:08.079 [IPControllerApp] engine::Engine Connected: 14
2016-07-04 16:17:08.080 [IPControllerApp] registration::finished registering engine 15:331ab0b3-d550-4493-9d9c-e3e368ae3924
2016-07-04 16:17:08.080 [IPControllerApp] engine::Engine Connected: 15
2016-07-04 16:17:08.081 [IPControllerApp] registration::finished registering engine 7:cad40e58-f798-4c8f-a7cd-afefd9753ff1
2016-07-04 16:17:08.081 [IPControllerApp] engine::Engine Connected: 7
2016-07-04 16:17:08.082 [IPControllerApp] registration::finished registering engine 4:6e71e8e2-e61c-4b75-b939-19c79e676e96
2016-07-04 16:17:08.083 [IPControllerApp] engine::Engine Connected: 4
2016-07-04 16:17:08.083 [IPControllerApp] registration::finished registering engine 18:15025bc1-baf4-4793-9ced-102fcaba9e6a
2016-07-04 16:17:08.084 [IPControllerApp] engine::Engine Connected: 18
2016-07-04 16:17:08.084 [IPControllerApp] registration::finished registering engine 2:a9632503-96bc-4848-b66a-18a4eccf962d
2016-07-04 16:17:08.085 [IPControllerApp] engine::Engine Connected: 2
2016-07-04 16:17:08.085 [IPControllerApp] registration::finished registering engine 16:2dc3538e-d35c-446a-864c-2ffc3b33ffbf
2016-07-04 16:17:08.086 [IPControllerApp] engine::Engine Connected: 16
2016-07-04 16:17:08.087 [IPControllerApp] registration::finished registering engine 22:40206932-ad65-4887-91e7-bc2c2a69464d
2016-07-04 16:17:08.087 [IPControllerApp] engine::Engine Connected: 22
2016-07-04 16:17:08.088 [IPControllerApp] registration::finished registering engine 25:4febae3f-7f74-462e-a4b0-6a89284a5bec
2016-07-04 16:17:08.088 [IPControllerApp] engine::Engine Connected: 25
2016-07-04 16:17:10.917 [IPControllerApp] CRITICAL | Received signal 2, shutting down
2016-07-04 16:17:10.917 [IPControllerApp] CRITICAL | terminating children...
